Untitled
- Delay -
active: false
- Duration - 
lowMin: 1000.0
lowMax: 1000.0
- Count - 
min: 5
max: 30
- Emission - 
lowMin: 40.0
lowMax: 40.0
highMin: 40.0
highMax: 40.0
relative: false
scalingCount: 1
scaling0: 1.0
timelineCount: 1
timeline0: 0.0
- Life - 
lowMin: 200.0
lowMax: 200.0
highMin: 400.0
highMax: 550.0
relative: false
scalingCount: 2
scaling0: 1.0
scaling1: 1.0
timelineCount: 2
timeline0: 0.0
timeline1: 1.0
- Life Offset - 
active: false
- X Offset - 
active: false
- Y Offset - 
active: false
- Spawn Shape - 
shape: point
- Spawn Width - 
lowMin: 0.0
lowMax: 0.0
highMin: 0.0
highMax: 0.0
relative: false
scalingCount: 1
scaling0: 1.0
timelineCount: 1
timeline0: 0.0
- Spawn Height - 
lowMin: 0.0
lowMax: 0.0
highMin: 0.0
highMax: 0.0
relative: false
scalingCount: 1
scaling0: 1.0
timelineCount: 1
timeline0: 0.0
- Scale - 
lowMin: 0.0
lowMax: 0.0
highMin: 10.0
highMax: 10.0
relative: false
scalingCount: 2
scaling0: 1.0
scaling1: 0.19607843
timelineCount: 2
timeline0: 0.0
timeline1: 0.9794521
- Velocity - 
active: true
lowMin: 0.0
lowMax: 0.0
highMin: 50.0
highMax: 60.0
relative: false
scalingCount: 1
scaling0: 1.0
timelineCount: 1
timeline0: 0.0
- Angle - 
active: false
- Rotation - 
active: false
- Wind - 
active: false
- Gravity - 
active: false
- Tint - 
colorsCount: 3
colors0: 1.0
colors1: 1.0
colors2: 1.0
timelineCount: 1
timeline0: 0.0
- Transparency - 
lowMin: 0.0
lowMax: 0.0
highMin: 1.0
highMax: 1.0
relative: false
scalingCount: 3
scaling0: 1.0
scaling1: 0.31578946
scaling2: 0.0
timelineCount: 3
timeline0: 0.0
timeline1: 0.5410959
timeline2: 1.0
- Options - 
attached: false
continuous: true
aligned: false
additive: false
behind: false
premultipliedAlpha: false
- Image Path -
particle-default.png
